<?xml version="1.0" encoding="UTF-8"?>
<!-- Generated by org.testng.reporters.JUnitReportReporter -->
<testsuite hostname="Kamal-PC" name="com.framework.yatra.tests.SearchFlightsTest" tests="1" failures="0" timestamp="4 Oct 2020 10:12:38 GMT" time="5.837" errors="0">
  <testcase name="testSearchFlights" time="5.837" classname="com.framework.yatra.tests.SearchFlightsTest"/>
</testsuite> <!-- com.framework.yatra.tests.SearchFlightsTest -->
