<?xml version="1.0" encoding="UTF-8"?>
<!-- Generated by org.testng.reporters.JUnitReportReporter -->
<testsuite skipped="0" hostname="Kamal-PC" name="com.framework.yatra.tests.BookingTest" tests="1" failures="0" timestamp="2020-10-04T16:19:41 IST" time="25.674" errors="0">
  <testcase name="bookingTest" time="25.674" classname="com.framework.yatra.tests.BookingTest"/>
</testsuite> <!-- com.framework.yatra.tests.BookingTest -->
