<?xml version="1.0" encoding="UTF-8"?>
<!-- Generated by org.testng.reporters.JUnitReportReporter -->
<testsuite skipped="0" hostname="Kamal-PC" name="com.framework.yatra.tests.BookingTest" tests="1" failures="0" timestamp="2020-10-10T15:10:30 IST" time="3.626" errors="0">
  <testcase name="bookingTest" time="3.626" classname="com.framework.yatra.tests.BookingTest"/>
</testsuite> <!-- com.framework.yatra.tests.BookingTest -->
