<?xml version="1.0" encoding="UTF-8"?>
<!-- Generated by org.testng.reporters.JUnitReportReporter -->
<testsuite skipped="0" hostname="Kamal-PC" name="com.framework.yatra.tests.SearchFlightsTest" tests="1" failures="0" timestamp="2020-10-04T16:19:41 IST" time="14.509" errors="0">
  <testcase name="testSearchFlights" time="14.509" classname="com.framework.yatra.tests.SearchFlightsTest"/>
</testsuite> <!-- com.framework.yatra.tests.SearchFlightsTest -->
